[debug] [2025-03-15T12:15:15.575Z] ----------------------------------------------------------------------
[debug] [2025-03-15T12:15:15.579Z] Command:       C:\Program Files\nodejs\node.exe C:\Users\a2z\AppData\Roaming\npm\node_modules\firebase-tools\lib\bin\firebase.js init
[debug] [2025-03-15T12:15:15.580Z] CLI Version:   13.34.0
[debug] [2025-03-15T12:15:15.580Z] Platform:      win32
[debug] [2025-03-15T12:15:15.580Z] Node Version:  v20.10.0
[debug] [2025-03-15T12:15:15.580Z] Time:          Sat Mar 15 2025 17:45:15 GMT+0530 (India Standard Time)
[debug] [2025-03-15T12:15:15.580Z] ----------------------------------------------------------------------
[debug] 
[debug] [2025-03-15T12:15:15.891Z] > command requires scopes: ["email","openid","https://www.googleapis.com/auth/cloudplatformprojects.readonly","https://www.googleapis.com/auth/firebase","https://www.googleapis.com/auth/cloud-platform"]
[debug] [2025-03-15T12:15:15.892Z] > authorizing via signed-in user (vinr12022005@gmail.com)
[info] 
     ######## #### ########  ######## ########     ###     ######  ########
     ##        ##  ##     ## ##       ##     ##  ##   ##  ##       ##
     ######    ##  ########  ######   ########  #########  ######  ######
     ##        ##  ##    ##  ##       ##     ## ##     ##       ## ##
     ##       #### ##     ## ######## ########  ##     ##  ######  ########

You're about to initialize a Firebase project in this directory:

  D:\Live_Weather_Forecasting

Before we get started, keep in mind:

  * You are initializing within an existing Firebase project directory

[info] 
=== Project Setup
[info] 
[info] First, let's associate this project directory with a Firebase project.
[info] You can create multiple project aliases by running firebase use --add, 
[info] but for now we'll just set up a default project.
[info] 
[debug] [2025-03-15T12:15:28.502Z] Using project from CLI flag: live-weather-forecasting
[debug] [2025-03-15T12:15:28.503Z] Checked if tokens are valid: true, expires at: 1742042357683
[debug] [2025-03-15T12:15:28.504Z] Checked if tokens are valid: true, expires at: 1742042357683
[debug] [2025-03-15T12:15:28.506Z] >>> [apiv2][query] GET https://firebase.googleapis.com/v1beta1/projects/live-weather-forecasting [none]
[debug] [2025-03-15T12:15:30.202Z] <<< [apiv2][status] GET https://firebase.googleapis.com/v1beta1/projects/live-weather-forecasting 200
[debug] [2025-03-15T12:15:30.204Z] <<< [apiv2][body] GET https://firebase.googleapis.com/v1beta1/projects/live-weather-forecasting {"projectId":"live-weather-forecasting","projectNumber":"423337574656","displayName":"Live-Weather-Forecasting","name":"projects/live-weather-forecasting","resources":{"hostingSite":"live-weather-forecasting"},"state":"ACTIVE","etag":"1_df642411-f43b-4d07-860f-bcfd523d5d23"}
[info] i  Using project live-weather-forecasting (Live-Weather-Forecasting) 
[info] 
=== Hosting Setup
[debug] [2025-03-15T12:15:30.256Z] Checked if tokens are valid: true, expires at: 1742042357683
[debug] [2025-03-15T12:15:30.257Z] Checked if tokens are valid: true, expires at: 1742042357683
[debug] [2025-03-15T12:15:30.260Z] >>> [apiv2][query] GET https://firebase.googleapis.com/v1beta1/projects/live-weather-forecasting [none]
[debug] [2025-03-15T12:15:30.670Z] <<< [apiv2][status] GET https://firebase.googleapis.com/v1beta1/projects/live-weather-forecasting 200
[debug] [2025-03-15T12:15:30.671Z] <<< [apiv2][body] GET https://firebase.googleapis.com/v1beta1/projects/live-weather-forecasting {"projectId":"live-weather-forecasting","projectNumber":"423337574656","displayName":"Live-Weather-Forecasting","name":"projects/live-weather-forecasting","resources":{"hostingSite":"live-weather-forecasting"},"state":"ACTIVE","etag":"1_df642411-f43b-4d07-860f-bcfd523d5d23"}
[info] 
[info] Your public directory is the folder (relative to your project directory) that
[info] will contain Hosting assets to be uploaded with firebase deploy. If you
[info] have a build process for your assets, use your build's output directory.
[info] 
[info] i  ./404.html is unchanged 
[debug] [2025-03-15T12:16:01.873Z] >>> [apiv2][query] GET https://www.gstatic.com/firebasejs/releases.json [none]
[debug] [2025-03-15T12:16:02.025Z] <<< [apiv2][status] GET https://www.gstatic.com/firebasejs/releases.json 200
[debug] [2025-03-15T12:16:02.025Z] <<< [apiv2][body] GET https://www.gstatic.com/firebasejs/releases.json {"current":{"version":"11.4.0","browserURL":"https://www.gstatic.com/firebasejs/11.4.0/firebase.js","packageURL":"https://www.gstatic.com/firebasejs/11.4.0/firebase.tgz"},"live":{"version":"11.4","browserURL":"https://www.gstatic.com/firebasejs/live/11.4/firebase.js","packageURL":"https://www.gstatic.com/firebasejs/live/11.4/firebase.tgz"},"components":{"analytics":"https://www.gstatic.com/firebasejs/11.4.0/firebase-analytics.js","app":"https://www.gstatic.com/firebasejs/11.4.0/firebase-app.js","app-check":"https://www.gstatic.com/firebasejs/11.4.0/firebase-app-check.js","auth":"https://www.gstatic.com/firebasejs/11.4.0/firebase-auth.js","auth/cordova":"https://www.gstatic.com/firebasejs/11.4.0/firebase-auth/cordova.js","auth/web-extension":"https://www.gstatic.com/firebasejs/11.4.0/firebase-auth/web-extension.js","functions":"https://www.gstatic.com/firebasejs/11.4.0/firebase-functions.js","firestore":"https://www.gstatic.com/firebasejs/11.4.0/firebase-firestore.js","firestore/lite":"https://www.gstatic.com/firebasejs/11.4.0/firebase-firestore/lite.js","installations":"https://www.gstatic.com/firebasejs/11.4.0/firebase-installations.js","storage":"https://www.gstatic.com/firebasejs/11.4.0/firebase-storage.js","performance":"https://www.gstatic.com/firebasejs/11.4.0/firebase-performance.js","remote-config":"https://www.gstatic.com/firebasejs/11.4.0/firebase-remote-config.js","messaging":"https://www.gstatic.com/firebasejs/11.4.0/firebase-messaging.js","messaging/sw":"https://www.gstatic.com/firebasejs/11.4.0/firebase-messaging/sw.js","database":"https://www.gstatic.com/firebasejs/11.4.0/firebase-database.js","vertexai":"https://www.gstatic.com/firebasejs/11.4.0/firebase-vertexai.js","data-connect":"https://www.gstatic.com/firebasejs/11.4.0/firebase-data-connect.js","firestore.memory":"https://www.gstatic.com/firebasejs/11.4.0/firebase-firestore.memory.js"}}
[info] i  Skipping write of ./index.html 
[info] 
[info] i  Detected a .git folder at D:\Live_Weather_Forecasting 
[info] i  Authorizing with GitHub to upload your service account to a GitHub repository's secrets store. 
[info] 
[info] Visit this URL on this device to log in:
[info] https://github.com/login/oauth/authorize?client_id=89cf50f02ac6aaed3484&state=765819293&redirect_uri=http%3A%2F%2Flocalhost%3A9005&scope=read%3Auser%20repo%20public_repo
[info] 
[info] Waiting for authentication...
